<?xml version="1.0" encoding="UTF-8"?>
<testsuite xmlns:xsi="http://www.w3.org/2001/XMLSchema-instance" xsi:noNamespaceSchemaLocation="https://maven.apache.org/surefire/maven-surefire-plugin/xsd/surefire-test-report-3.0.xsd" version="3.0" name="com.mycompany.chatmate.ChatAppTest" time="11.62" tests="14" errors="0" skipped="0" failures="0">
  <properties>
[...]
</properties>
  <testcase name="passwordIncorretFormat" classname="com.mycompany.chatmate.ChatAppTest" time="2.956"/>
  <testcase name="correctCellPhoneFormat" classname="com.mycompany.chatmate.ChatAppTest" time="0.56"/>
  <testcase name="correctPasswordFormat" classname="com.mycompany.chatmate.ChatAppTest" time="0.695"/>
  <testcase name="correctUserNameFormat" classname="com.mycompany.chatmate.ChatAppTest" time="0.552"/>
  <testcase name="usernameCorrectFormat" classname="com.mycompany.chatmate.ChatAppTest" time="0.504"/>
  <testcase name="incorrectCellPhoneFormat" classname="com.mycompany.chatmate.ChatAppTest" time="0.747"/>
  <testcase name="incorrectPasswordFormat" classname="com.mycompany.chatmate.ChatAppTest" time="0.391"/>
  <testcase name="cellPhoneIncorrectFormat" classname="com.mycompany.chatmate.ChatAppTest" time="0.341"/>
  <testcase name="incorrectUserNameFormat" classname="com.mycompany.chatmate.ChatAppTest" time="0.341"/>
  <testcase name="usernameIncorrectFormat" classname="com.mycompany.chatmate.ChatAppTest" time="0.967"/>
  <testcase name="cellPhoneCorrectFormat" classname="com.mycompany.chatmate.ChatAppTest" time="1.214"/>
  <testcase name="passwordCorretFormat" classname="com.mycompany.chatmate.ChatAppTest" time="0.816"/>
  <testcase name="loginFailed" classname="com.mycompany.chatmate.ChatAppTest" time="0.83"/>
  <testcase name="loginSuccess" classname="com.mycompany.chatmate.ChatAppTest" time="0.656"/>
</testsuite>